<?xml version="1.0" encoding="UTF-8"?>
<!-- Generated by org.testng.reporters.JUnitReportReporter -->
<testsuite hostname="QSP-ManSingh" name="com.mansingh.TestCases.TestCase1" tests="1" failures="0" timestamp="30 Sep 2019 05:54:05 GMT" time="154.090" errors="0">
  <testcase name="TC001_Create_an_Account1" time="154.090" classname="com.mansingh.TestCases.TestCase1"/>
</testsuite> <!-- com.mansingh.TestCases.TestCase1 -->
